<?xml version="1.0" encoding="UTF-8"?>
<!-- Generated by org.testng.reporters.JUnitReportReporter -->
<testsuite skipped="0" hostname="SS-VAIO" name="test.LoginPageTest" tests="1" failures="0" timestamp="2020-02-08T01:09:37 CST" time="15.022" errors="0">
  <testcase name="validUserShouldBeAbleToLogin" time="15.022" classname="test.LoginPageTest"/>
</testsuite> <!-- test.LoginPageTest -->
