<?xml version="1.0" encoding="UTF-8"?>
<!-- Generated by org.testng.reporters.JUnitReportReporter -->
<testsuite skipped="0" hostname="SS-VAIO" name="test.LoginTest" tests="1" failures="0" timestamp="2020-02-06T17:26:39 CST" time="15.030" errors="0">
  <testcase name="validUserShouldBeAbleToLogin" time="15.030" classname="test.LoginTest"/>
</testsuite> <!-- test.LoginTest -->
